/usr/share/system-config-printer/dnssdresolve.py modified. Observed at: 03312021_192537
/usr/share/system-config-printer/asyncconn.py modified. Observed at: 03312021_192537
/usr/share/system-config-printer/OpenPrintingRequest.py modified. Observed at: 03312021_192537
/usr/share/system-config-printer/config.py modified. Observed at: 03312021_192537
/usr/share/system-config-printer/optionwidgets.py modified. Observed at: 03312021_192537
/usr/share/system-config-printer/asyncpk1.py modified. Observed at: 03312021_192537
/usr/share/system-config-printer/ToolbarSearchEntry.py modified. Observed at: 03312021_192537
/usr/share/system-config-printer/ppdsloader.py modified. Observed at: 03312021_192537
/usr/share/system-config-printer/SearchCriterion.py modified. Observed at: 03312021_192537
/usr/share/system-config-printer/icons/i-network-printer.png modified. Observed at: 03312021_192537
/usr/share/system-config-printer/troubleshoot/ErrorLogFetch.py modified. Observed at: 03312021_192537
/usr/share/system-config-printer/troubleshoot/ChooseNetworkPrinter.py modified. Observed at: 03312021_192537
/usr/share/system-config-printer/troubleshoot/PrintTestPage.py modified. Observed at: 03312021_192537
/usr/share/system-config-printer/troubleshoot/ChoosePrinter.py modified. Observed at: 03312021_192537
/usr/share/system-config-printer/troubleshoot/RemoteAddress.py modified. Observed at: 03312021_192537
/usr/share/system-config-printer/troubleshoot/CheckUSBPermissions.py modified. Observed at: 03312021_192537
/usr/share/system-config-printer/troubleshoot/Welcome.py modified. Observed at: 03312021_192537
/usr/share/system-config-printer/troubleshoot/Shrug.py modified. Observed at: 03312021_192537
/usr/share/system-config-printer/troubleshoot/QueueRejectingJobs.py modified. Observed at: 03312021_192537
/usr/share/system-config-printer/troubleshoot/CheckNetworkServerSanity.py modified. Observed at: 03312021_192537
/usr/share/system-config-printer/troubleshoot/PrinterStateReasons.py modified. Observed at: 03312021_192537
/usr/share/system-config-printer/troubleshoot/Locale.py modified. Observed at: 03312021_192537
/usr/share/system-config-printer/troubleshoot/VerifyPackages.py modified. Observed at: 03312021_192537
/usr/share/system-config-printer/troubleshoot/__init__.py modified. Observed at: 03312021_192537
/usr/share/system-config-printer/troubleshoot/ErrorLogCheckpoint.py modified. Observed at: 03312021_192537
/usr/share/system-config-printer/troubleshoot/QueueNotEnabled.py modified. Observed at: 03312021_192537
/usr/share/system-config-printer/troubleshoot/DeviceListed.py modified. Observed at: 03312021_192537
/usr/share/system-config-printer/troubleshoot/base.py modified. Observed at: 03312021_192537
/usr/share/system-config-printer/troubleshoot/CheckPrinterSanity.py modified. Observed at: 03312021_192537
/usr/share/system-config-printer/troubleshoot/NetworkCUPSPrinterShared.py modified. Observed at: 03312021_192537
/usr/share/system-config-printer/troubleshoot/CheckPPDSanity.py modified. Observed at: 03312021_192537
/usr/share/system-config-printer/troubleshoot/ServerFirewalled.py modified. Observed at: 03312021_192537
/usr/share/system-config-printer/troubleshoot/ErrorLogParse.py modified. Observed at: 03312021_192537
/usr/share/system-config-printer/troubleshoot/CheckLocalServerPublishing.py modified. Observed at: 03312021_192537
/usr/share/system-config-printer/troubleshoot/SchedulerNotRunning.py modified. Observed at: 03312021_192537
/usr/share/system-config-printer/troubleshoot/CheckSELinux.py modified. Observed at: 03312021_192537
/usr/share/system-config-printer/troubleshoot/LocalOrRemote.py modified. Observed at: 03312021_192537
/usr/share/system-config-printer/troubleshoot/__pycache__/__init__.cpython-38.pyc modified. Observed at: 03312021_192537
/usr/share/system-config-printer/troubleshoot/__pycache__/ChoosePrinter.cpython-38.pyc modified. Observed at: 03312021_192537
/usr/share/system-config-printer/troubleshoot/__pycache__/CheckSELinux.cpython-38.pyc modified. Observed at: 03312021_192537
/usr/share/system-config-printer/troubleshoot/__pycache__/base.cpython-38.pyc modified. Observed at: 03312021_192537
/usr/share/system-config-printer/troubleshoot/__pycache__/PrintTestPage.cpython-38.pyc modified. Observed at: 03312021_192537
/usr/share/system-config-printer/troubleshoot/__pycache__/LocalOrRemote.cpython-38.pyc modified. Observed at: 03312021_192537
/usr/share/system-config-printer/troubleshoot/__pycache__/CheckPPDSanity.cpython-38.pyc modified. Observed at: 03312021_192537
/usr/share/system-config-printer/troubleshoot/__pycache__/SchedulerNotRunning.cpython-38.pyc modified. Observed at: 03312021_192537
/usr/share/system-config-printer/troubleshoot/__pycache__/CheckUSBPermissions.cpython-38.pyc modified. Observed at: 03312021_192537
/usr/share/system-config-printer/troubleshoot/__pycache__/ServerFirewalled.cpython-38.pyc modified. Observed at: 03312021_192537
/usr/share/system-config-printer/troubleshoot/__pycache__/ErrorLogCheckpoint.cpython-38.pyc modified. Observed at: 03312021_192537
/usr/share/system-config-printer/troubleshoot/__pycache__/Welcome.cpython-38.pyc modified. Observed at: 03312021_192537
/usr/share/system-config-printer/troubleshoot/__pycache__/Shrug.cpython-38.pyc modified. Observed at: 03312021_192537
/usr/share/system-config-printer/troubleshoot/__pycache__/CheckPrinterSanity.cpython-38.pyc modified. Observed at: 03312021_192537
/usr/share/system-config-printer/troubleshoot/__pycache__/PrinterStateReasons.cpython-38.pyc modified. Observed at: 03312021_192537
/usr/share/system-config-printer/troubleshoot/__pycache__/CheckLocalServerPublishing.cpython-38.pyc modified. Observed at: 03312021_192537
/usr/share/system-config-printer/troubleshoot/__pycache__/ErrorLogFetch.cpython-38.pyc modified. Observed at: 03312021_192537
/usr/share/system-config-printer/troubleshoot/__pycache__/ChooseNetworkPrinter.cpython-38.pyc modified. Observed at: 03312021_192537
/usr/share/system-config-printer/troubleshoot/__pycache__/ErrorLogParse.cpython-38.pyc modified. Observed at: 03312021_192537
/usr/share/system-config-printer/troubleshoot/__pycache__/QueueRejectingJobs.cpython-38.pyc modified. Observed at: 03312021_192537
/usr/share/system-config-printer/troubleshoot/__pycache__/Locale.cpython-38.pyc modified. Observed at: 03312021_192537
/usr/share/system-config-printer/troubleshoot/__pycache__/RemoteAddress.cpython-38.pyc modified. Observed at: 03312021_192537
/usr/share/system-config-printer/troubleshoot/__pycache__/DeviceListed.cpython-38.pyc modified. Observed at: 03312021_192537
/usr/share/system-config-printer/troubleshoot/__pycache__/CheckNetworkServerSanity.cpython-38.pyc modified. Observed at: 03312021_192537
/usr/share/system-config-printer/troubleshoot/__pycache__/QueueNotEnabled.cpython-38.pyc modified. Observed at: 03312021_192537
/usr/share/system-config-printer/troubleshoot/__pycache__/VerifyPackages.cpython-38.pyc modified. Observed at: 03312021_192537
/usr/share/system-config-printer/troubleshoot/__pycache__/NetworkCUPSPrinterShared.cpython-38.pyc modified. Observed at: 03312021_192537
/usr/share/system-config-printer/xml/validate.py modified. Observed at: 03312021_192537
/usr/share/system-config-printer/xml/preferreddrivers.rng modified. Observed at: 03312021_192537
/usr/share/system-config-printer/xml/__pycache__/validate.cpython-38.pyc modified. Observed at: 03312021_192537
/usr/share/system-config-printer/__pycache__/monitor.cpython-38.pyc modified. Observed at: 03312021_192537
/usr/share/system-config-printer/__pycache__/install-printerdriver.cpython-38.pyc modified. Observed at: 03312021_192537
/usr/share/system-config-printer/__pycache__/statereason.cpython-38.pyc modified. Observed at: 03312021_192537
/usr/share/system-config-printer/__pycache__/smburi.cpython-38.pyc modified. Observed at: 03312021_192537
/usr/share/system-config-printer/__pycache__/timedops.cpython-38.pyc modified. Observed at: 03312021_192537
/usr/share/system-config-printer/__pycache__/HIG.cpython-38.pyc modified. Observed at: 03312021_192537
/usr/share/system-config-printer/__pycache__/config.cpython-38.pyc modified. Observed at: 03312021_192537
/usr/share/system-config-printer/__pycache__/gui.cpython-38.pyc modified. Observed at: 03312021_192537
/usr/share/system-config-printer/__pycache__/cupspk.cpython-38.pyc modified. Observed at: 03312021_192537
/usr/share/system-config-printer/__pycache__/probe_printer.cpython-38.pyc modified. Observed at: 03312021_192537
/usr/share/system-config-printer/__pycache__/check-device-ids.cpython-38.pyc modified. Observed at: 03312021_192537
/usr/share/system-config-printer/__pycache__/asyncpk1.cpython-38.pyc modified. Observed at: 03312021_192537
/usr/share/system-config-printer/__pycache__/serversettings.cpython-38.pyc modified. Observed at: 03312021_192537
/usr/share/system-config-printer/__pycache__/firewallsettings.cpython-38.pyc modified. Observed at: 03312021_192537
/usr/share/system-config-printer/__pycache__/pysmb.cpython-38.pyc modified. Observed at: 03312021_192537
/usr/share/system-config-printer/__pycache__/gtkinklevel.cpython-38.pyc modified. Observed at: 03312021_192537
/usr/share/system-config-printer/__pycache__/debug.cpython-38.pyc modified. Observed at: 03312021_192537
/usr/share/system-config-printer/__pycache__/asyncconn.cpython-38.pyc modified. Observed at: 03312021_192537
/usr/share/system-config-printer/__pycache__/ppdcache.cpython-38.pyc modified. Observed at: 03312021_192537
/usr/share/system-config-printer/__pycache__/OpenPrintingRequest.cpython-38.pyc modified. Observed at: 03312021_192537
/usr/share/system-config-printer/__pycache__/newprinter.cpython-38.pyc modified. Observed at: 03312021_192537
/usr/share/system-config-printer/__pycache__/errordialogs.cpython-38.pyc modified. Observed at: 03312021_192537
/usr/share/system-config-printer/__pycache__/printerproperties.cpython-38.pyc modified. Observed at: 03312021_192537
/usr/share/system-config-printer/__pycache__/options.cpython-38.pyc modified. Observed at: 03312021_192537
/usr/share/system-config-printer/__pycache__/killtimer.cpython-38.pyc modified. Observed at: 03312021_192537
/usr/share/system-config-printer/__pycache__/jobviewer.cpython-38.pyc modified. Observed at: 03312021_192537
/usr/share/system-config-printer/__pycache__/installpackage.cpython-38.pyc modified. Observed at: 03312021_192537
/usr/share/system-config-printer/__pycache__/scp-dbus-service.cpython-38.pyc modified. Observed at: 03312021_192537
/usr/share/system-config-printer/__pycache__/dnssdresolve.cpython-38.pyc modified. Observed at: 03312021_192537
/usr/share/system-config-printer/__pycache__/SearchCriterion.cpython-38.pyc modified. Observed at: 03312021_192537
/usr/share/system-config-printer/__pycache__/authconn.cpython-38.pyc modified. Observed at: 03312021_192537
/usr/share/system-config-printer/__pycache__/ppdippstr.cpython-38.pyc modified. Observed at: 03312021_192537
/usr/share/system-config-printer/__pycache__/ppdsloader.cpython-38.pyc modified. Observed at: 03312021_192537
/usr/share/system-config-printer/__pycache__/PhysicalDevice.cpython-38.pyc modified. Observed at: 03312021_192537
/usr/share/system-config-printer/__pycache__/optionwidgets.cpython-38.pyc modified. Observed at: 03312021_192537
/usr/share/system-config-printer/__pycache__/system-config-printer.cpython-38.pyc modified. Observed at: 03312021_192537
/usr/share/system-config-printer/__pycache__/ToolbarSearchEntry.cpython-38.pyc modified. Observed at: 03312021_192537
/usr/share/system-config-printer/__pycache__/applet.cpython-38.pyc modified. Observed at: 03312021_192537
/usr/share/system-config-printer/__pycache__/userdefault.cpython-38.pyc modified. Observed at: 03312021_192537
/usr/share/system-config-printer/__pycache__/asyncipp.cpython-38.pyc modified. Observed at: 03312021_192537
/usr/share/system-config-printer/ui/ConnectDialog.ui modified. Observed at: 03312021_192537
/usr/share/system-config-printer/ui/NewPrinterWindow.ui modified. Observed at: 03312021_192537
/usr/share/system-config-printer/ui/AboutDialog.ui modified. Observed at: 03312021_192537
/usr/share/system-config-printer/ui/WaitWindow.ui modified. Observed at: 03312021_192537
/usr/share/system-config-printer/ui/JobsWindow.ui modified. Observed at: 03312021_192537
/usr/share/system-config-printer/ui/SMBBrowseDialog.ui modified. Observed at: 03312021_192537
/usr/share/system-config-printer/ui/ServerSettingsDialog.ui modified. Observed at: 03312021_192537
/usr/share/system-config-printer/ui/NewPrinterName.ui modified. Observed at: 03312021_192537
/usr/share/system-config-printer/ui/PrinterPropertiesDialog.ui modified. Observed at: 03312021_192537
/usr/share/system-config-printer/ui/statusicon_popupmenu.ui modified. Observed at: 03312021_192537
/usr/share/system-config-printer/ui/PrintersWindow.ui modified. Observed at: 03312021_192537
/usr/share/system-config-printer/ui/ConnectingDialog.ui modified. Observed at: 03312021_192537
/usr/share/system-config-printer/ui/InstallDialog.ui modified. Observed at: 03312021_192537
/usr/share/gimp/2.0/gimp-release modified. Observed at: 03312021_192537
/usr/share/gimp/2.0/images/wilber.png modified. Observed at: 03312021_192537
/usr/share/gimp/2.0/images/gimp-splash.png modified. Observed at: 03312021_192537
/usr/share/gimp/2.0/images/gimp-logo.png modified. Observed at: 03312021_192537
/usr/share/gimp/2.0/gfig/curves modified. Observed at: 03312021_192537
/usr/share/gimp/2.0/gfig/sprial modified. Observed at: 03312021_192537
/usr/share/gimp/2.0/gfig/A_star modified. Observed at: 03312021_192537
/usr/share/gimp/2.0/gfig/polys modified. Observed at: 03312021_192537
/usr/share/gimp/2.0/gfig/spirals_and_stars modified. Observed at: 03312021_192537
/usr/share/gimp/2.0/gfig/ring modified. Observed at: 03312021_192537
/usr/share/gimp/2.0/gfig/stars modified. Observed at: 03312021_192537
/usr/share/gimp/2.0/gfig/ring+star modified. Observed at: 03312021_192537
/usr/share/gimp/2.0/gfig/star2 modified. Observed at: 03312021_192537
/usr/share/gimp/2.0/gfig/simily modified. Observed at: 03312021_192537
/usr/share/gimp/2.0/gflare/Hidden_Planet modified. Observed at: 03312021_192537
/usr/share/gimp/2.0/gflare/Classic modified. Observed at: 03312021_192537
/usr/share/gimp/2.0/gflare/GFlare_102 modified. Observed at: 03312021_192537
/usr/share/gimp/2.0/gflare/Default modified. Observed at: 03312021_192537
/usr/share/gimp/2.0/gflare/Distant_Sun modified. Observed at: 03312021_192537
/usr/share/gimp/2.0/gflare/Bright_Star modified. Observed at: 03312021_192537
/usr/share/gimp/2.0/gflare/GFlare_101 modified. Observed at: 03312021_192537
/usr/share/gimp/2.0/tips/gimp-tips.xml modified. Observed at: 03312021_192537
/usr/share/gimp/2.0/icons/Color/scalable/apps/gimp-shape-square.svg modified. Observed at: 03312021_192537
/usr/share/gimp/2.0/icons/Color/scalable/apps/gimp-gradient-radial.svg modified. Observed at: 03312021_192537
/usr/share/gimp/2.0/icons/Color/scalable/apps/gimp-file-manager.svg modified. Observed at: 03312021_192537
/usr/share/gimp/2.0/icons/Color/scalable/apps/gimp-controller-keyboard.svg modified. Observed at: 03312021_192537
/usr/share/gimp/2.0/icons/Color/scalable/apps/gimp-tool-airbrush.svg modified. Observed at: 03312021_192537
/usr/share/gimp/2.0/icons/Color/scalable/apps/zoom-original.svg modified. Observed at: 03312021_192537
/usr/share/gimp/2.0/icons/Color/scalable/apps/gimp-convert-grayscale.svg modified. Observed at: 03312021_192537
/usr/share/gimp/2.0/icons/Color/scalable/apps/gimp-tool-cage.svg modified. Observed at: 03312021_192537
/usr/share/gimp/2.0/icons/Color/scalable/apps/gimp-transform-3d-rotate.svg modified. Observed at: 03312021_192537
/usr/share/gimp/2.0/icons/Color/scalable/apps/gimp-clipboard.svg modified. Observed at: 03312021_192537
/usr/share/gimp/2.0/icons/Color/scalable/apps/zoom-out.svg modified. Observed at: 03312021_192537
/usr/share/gimp/2.0/icons/Color/scalable/apps/go-up.svg modified. Observed at: 03312021_192537
/usr/share/gimp/2.0/icons/Color/scalable/apps/gimp-duplicate.svg modified. Observed at: 03312021_192537
/usr/share/gimp/2.0/icons/Color/scalable/apps/gimp-prefs-controllers.svg modified. Observed at: 03312021_192537
/usr/share/gimp/2.0/icons/Color/scalable/apps/gimp-gravity-south-west.svg modified. Observed at: 03312021_192537
/usr/share/gimp/2.0/icons/Color/scalable/apps/gimp-pivot-north.svg modified. Observed at: 03312021_192537
/usr/share/gimp/2.0/icons/Color/scalable/apps/gimp-prefs-display.svg modified. Observed at: 03312021_192537
/usr/share/gimp/2.0/icons/Color/scalable/apps/gimp-display-filter-lcms.svg modified. Observed at: 03312021_192537
/usr/share/gimp/2.0/icons/Color/scalable/apps/gimp-prefs-session.svg modified. Observed at: 03312021_192537
/usr/share/gimp/2.0/icons/Color/scalable/apps/gimp-gravity-north.svg modified. Observed at: 03312021_192537
/usr/share/gimp/2.0/icons/Color/scalable/apps/gimp-center.svg modified. Observed at: 03312021_192537
/usr/share/gimp/2.0/icons/Color/scalable/apps/gimp-vfill.svg modified. Observed at: 03312021_192537
/usr/share/gimp/2.0/icons/Color/scalable/apps/gimp-tool-desaturate.svg modified. Observed at: 03312021_192537
/usr/share/gimp/2.0/icons/Color/scalable/apps/gimp-tool-seamless-clone.svg modified. Observed at: 03312021_192537
/usr/share/gimp/2.0/icons/Color/scalable/apps/gimp-join-bevel.svg modified. Observed at: 03312021_192537
/usr/share/gimp/2.0/icons/Color/scalable/apps/gimp-sample-point.svg modified. Observed at: 03312021_192537
/usr/share/gimp/2.0/icons/Color/scalable/apps/gimp-display.svg modified. Observed at: 03312021_192537
/usr/share/gimp/2.0/icons/Color/scalable/apps/gimp-histogram-logarithmic.svg modified. Observed at: 03312021_192537
/usr/share/gimp/2.0/icons/Color/scalable/apps/document-open-recent.svg modified. Observed at: 03312021_192537
/usr/share/gimp/2.0/icons/Color/scalable/apps/gtk-ok.svg modified. Observed at: 03312021_192537
/usr/share/gimp/2.0/icons/Color/scalable/apps/gimp-display-filter-proof.svg modified. Observed at: 03312021_192537
/usr/share/gimp/2.0/icons/Color/scalable/apps/format-justify-fill.svg modified. Observed at: 03312021_192537
/usr/share/gimp/2.0/icons/Color/scalable/apps/gimp-pivot-east.svg modified. Observed at: 03312021_192537
/usr/share/gimp/2.0/icons/Color/scalable/apps/gimp-color-space-perceptual.svg modified. Observed at: 03312021_192537
/usr/share/gimp/2.0/icons/Color/scalable/apps/gimp-prefs-image-windows-appearance.svg modified. Observed at: 03312021_192537
/usr/share/gimp/2.0/icons/Color/scalable/apps/gimp-hcenter.svg modified. Observed at: 03312021_192537
/usr/share/gimp/2.0/icons/Color/scalable/apps/gimp-gradient-spiral-anticlockwise.svg modified. Observed at: 03312021_192537
/usr/share/gimp/2.0/icons/Color/scalable/apps/gimp-pivot-center.svg modified. Observed at: 03312021_192537
/usr/share/gimp/2.0/icons/Color/scalable/apps/gimp-prefs-folders-themes.svg modified. Observed at: 03312021_192537
/usr/share/gimp/2.0/icons/Color/scalable/apps/gimp-layer.svg modified. Observed at: 03312021_192537
/usr/share/gimp/2.0/icons/Color/scalable/apps/document-open.svg modified. Observed at: 03312021_192537
/usr/share/gimp/2.0/icons/Color/scalable/apps/gimp-error.svg modified. Observed at: 03312021_192537
/usr/share/gimp/2.0/icons/Color/scalable/apps/gimp-cap-round.svg modified. Observed at: 03312021_192537
/usr/share/gimp/2.0/icons/Color/scalable/apps/gimp-selection-intersect.svg modified. Observed at: 03312021_192537
/usr/share/gimp/2.0/icons/Color/scalable/apps/gimp-prefs-folders-plug-ins.svg modified. Observed at: 03312021_192537
/usr/share/gimp/2.0/icons/Color/scalable/apps/gimp-prefs-playground.svg modified. Observed at: 03312021_192537
/usr/share/gimp/2.0/icons/Color/scalable/apps/gimp-marker.svg modified. Observed at: 03312021_192537
/usr/share/gimp/2.0/icons/Color/scalable/apps/gimp-char-picker.svg modified. Observed at: 03312021_192537
/usr/share/gimp/2.0/icons/Color/scalable/apps/gimp-flip-vertical.svg modified. Observed at: 03312021_192537
/usr/share/gimp/2.0/icons/Color/scalable/apps/gtk-select-color.svg modified. Observed at: 03312021_192537
/usr/share/gimp/2.0/icons/Color/scalable/apps/gimp-pivot-south-west.svg modified. Observed at: 03312021_192537
/usr/share/gimp/2.0/icons/Color/scalable/apps/gimp-tool-perspective.svg modified. Observed at: 03312021_192537
/usr/share/gimp/2.0/icons/Color/scalable/apps/gimp-tool-perspective-clone.svg modified. Observed at: 03312021_192537
/usr/share/gimp/2.0/icons/Color/scalable/apps/gimp-cursor.svg modified. Observed at: 03312021_192537
/usr/share/gimp/2.0/icons/Color/scalable/apps/gimp-question.svg modified. Observed at: 03312021_192537
/usr/share/gimp/2.0/icons/Color/scalable/apps/gimp-tool-ellipse-select.svg modified. Observed at: 03312021_192537
/usr/share/gimp/2.0/icons/Color/scalable/apps/format-justify-center.svg modified. Observed at: 03312021_192537
/usr/share/gimp/2.0/icons/Color/scalable/apps/dialog-information.svg modified. Observed at: 03312021_192537
/usr/share/gimp/2.0/icons/Color/scalable/apps/edit-paste.svg modified. Observed at: 03312021_192537
/usr/share/gimp/2.0/icons/Color/scalable/apps/gimp-layer-mask.svg modified. Observed at: 03312021_192537
/usr/share/gimp/2.0/icons/Color/scalable/apps/gimp-tool-offset.svg modified. Observed at: 03312021_192537
/usr/share/gimp/2.0/icons/Color/scalable/apps/gimp-web.svg modified. Observed at: 03312021_192537
/usr/share/gimp/2.0/icons/Color/scalable/apps/format-justify-left.svg modified. Observed at: 03312021_192537
/usr/share/gimp/2.0/icons/Color/scalable/apps/folder-new.svg modified. Observed at: 03312021_192537
/usr/share/gimp/2.0/icons/Color/scalable/apps/gimp-selection-grow.svg modified. Observed at: 03312021_192537
/usr/share/gimp/2.0/icons/Color/scalable/apps/gimp-prefs-folders-environ.svg modified. Observed at: 03312021_192537
/usr/share/gimp/2.0/icons/Color/scalable/apps/gimp-prefs-folders-scripts.svg modified. Observed at: 03312021_192537
/usr/share/gimp/2.0/icons/Color/scalable/apps/help-about.svg modified. Observed at: 03312021_192537
/usr/share/gimp/2.0/icons/Color/scalable/apps/gimp-quick-mask-off.svg modified. Observed at: 03312021_192537
/usr/share/gimp/2.0/icons/Color/scalable/apps/gimp-tool-curves.svg modified. Observed at: 03312021_192537
/usr/share/gimp/2.0/icons/Color/scalable/apps/list-add.svg modified. Observed at: 03312021_192537
/usr/share/gimp/2.0/icons/Color/scalable/apps/gimp-tool-threshold.svg modified. Observed at: 03312021_192537
/usr/share/gimp/2.0/icons/Color/scalable/apps/media-record.svg modified. Observed at: 03312021_192537
/usr/share/gimp/2.0/icons/Color/scalable/apps/gimp-text-dir-rtl.svg modified. Observed at: 03312021_192537
/usr/share/gimp/2.0/icons/Color/scalable/apps/edit-undo.svg modified. Observed at: 03312021_192537
/usr/share/gimp/2.0/icons/Color/scalable/apps/gimp-tool-fuzzy-select.svg modified. Observed at: 03312021_192537
/usr/share/gimp/2.0/icons/Color/scalable/apps/gimp-prefs-folders-tools.svg modified. Observed at: 03312021_192537
/usr/share/gimp/2.0/icons/Color/scalable/apps/gimp-display-filter.svg modified. Observed at: 03312021_192537
/usr/share/gimp/2.0/icons/Color/scalable/apps/gimp-selection-none.svg modified. Observed at: 03312021_192537
/usr/share/gimp/2.0/icons/Color/scalable/apps/gimp-transparency.svg modified. Observed at: 03312021_192537
/usr/share/gimp/2.0/icons/Color/scalable/apps/gimp-prefs-interface.svg modified. Observed at: 03312021_192537
/usr/share/gimp/2.0/icons/Color/scalable/apps/gimp-tool-flip.svg modified. Observed at: 03312021_192537
/usr/share/gimp/2.0/icons/Color/scalable/apps/gimp-text-dir-ttb-rtl-upright.svg modified. Observed at: 03312021_192537
/usr/share/gimp/2.0/icons/Color/scalable/apps/gimp-selection-stroke.svg modified. Observed at: 03312021_192537
/usr/share/gimp/2.0/icons/Color/scalable/apps/gimp-gradient-spiral-clockwise.svg modified. Observed at: 03312021_192537
/usr/share/gimp/2.0/icons/Color/scalable/apps/gimp-gradient-shapeburst-angular.svg modified. Observed at: 03312021_192537
/usr/share/gimp/2.0/icons/Color/scalable/apps/gimp-tool-shadows-highlights.svg modified. Observed at: 03312021_192537
/usr/share/gimp/2.0/icons/Color/scalable/apps/gimp-gradient-shapeburst-dimpled.svg modified. Observed at: 03312021_192537
/usr/share/gimp/2.0/icons/Color/scalable/apps/gimp-rotate-270.svg modified. Observed at: 03312021_192537
/usr/share/gimp/2.0/icons/Color/scalable/apps/gimp-selection-subtract.svg modified. Observed at: 03312021_192537
/usr/share/gimp/2.0/icons/Color/scalable/apps/gtk-edit.svg modified. Observed at: 03312021_192537
/usr/share/gimp/2.0/icons/Color/scalable/apps/gimp-text-dir-ttb-rtl.svg modified. Observed at: 03312021_192537
/usr/share/gimp/2.0/icons/Color/scalable/apps/gimp-tool-rect-select.svg modified. Observed at: 03312021_192537
/usr/share/gimp/2.0/icons/Color/scalable/apps/gimp-tool-transform-3d.svg modified. Observed at: 03312021_192537
/usr/share/gimp/2.0/icons/Color/scalable/apps/gimp-menu-left.svg modified. Observed at: 03312021_192537
/usr/share/gimp/2.0/icons/Color/scalable/apps/gimp-wilber-eek.svg modified. Observed at: 03312021_192537
/usr/share/gimp/2.0/icons/Color/scalable/apps/gimp-resize.svg modified. Observed at: 03312021_192537
/usr/share/gimp/2.0/icons/Color/scalable/apps/gimp-pivot-west.svg modified. Observed at: 03312021_192537
/usr/share/gimp/2.0/icons/Color/scalable/apps/gimp-rotate-180.svg modified. Observed at: 03312021_192537
/usr/share/gimp/2.0/icons/Color/scalable/apps/gimp-device-status.svg modified. Observed at: 03312021_192537
/usr/share/gimp/2.0/icons/Color/scalable/apps/folder.svg modified. Observed at: 03312021_192537
/usr/share/gimp/2.0/icons/Color/scalable/apps/gimp-tool-preset.svg modified. Observed at: 03312021_192537
/usr/share/gimp/2.0/icons/Color/scalable/apps/gimp-pivot-south-east.svg modified. Observed at: 03312021_192537
/usr/share/gimp/2.0/icons/Color/scalable/apps/gimp-convert-indexed.svg modified. Observed at: 03312021_192537
/usr/share/gimp/2.0/icons/Color/scalable/apps/gimp-tool-mypaint-brush.svg modified. Observed at: 03312021_192537
/usr/share/gimp/2.0/icons/Color/scalable/apps/gimp-tool-levels.svg modified. Observed at: 03312021_192537
/usr/share/gimp/2.0/icons/Color/scalable/apps/gimp-tool-zoom.svg modified. Observed at: 03312021_192537
/usr/share/gimp/2.0/icons/Color/scalable/apps/gimp-color-picker-white.svg modified. Observed at: 03312021_192537
/usr/share/gimp/2.0/icons/Color/scalable/apps/gimp-tool-rotate.svg modified. Observed at: 03312021_192537
/usr/share/gimp/2.0/icons/Color/scalable/apps/gimp-reset.svg modified. Observed at: 03312021_192537
/usr/share/gimp/2.0/icons/Color/scalable/apps/gimp-text-layer.svg modified. Observed at: 03312021_192537
/usr/share/gimp/2.0/icons/Color/scalable/apps/gimp-gradient-shapeburst-spherical.svg modified. Observed at: 03312021_192537
/usr/share/gimp/2.0/icons/Color/scalable/apps/gimp-prefs-image-windows-snapping.svg modified. Observed at: 03312021_192537
/usr/share/gimp/2.0/icons/Color/scalable/apps/gimp-gradient-conical-symmetric.svg modified. Observed at: 03312021_192537
/usr/share/gimp/2.0/icons/Color/scalable/apps/go-home.svg modified. Observed at: 03312021_192537
/usr/share/gimp/2.0/icons/Color/scalable/apps/gimp-toilet-paper.svg modified. Observed at: 03312021_192537
/usr/share/gimp/2.0/icons/Color/scalable/apps/gimp-prefs-import-export.svg modified. Observed at: 03312021_192537
/usr/share/gimp/2.0/icons/Color/scalable/apps/gimp-video.svg modified. Observed at: 03312021_192537
/usr/share/gimp/2.0/icons/Color/scalable/apps/gimp-plugin.svg modified. Observed at: 03312021_192537
/usr/share/gimp/2.0/icons/Color/scalable/apps/media-seek-backward.svg modified. Observed at: 03312021_192537
/usr/share/gimp/2.0/icons/Color/scalable/apps/gimp-smartphone.svg modified. Observed at: 03312021_192537
/usr/share/gimp/2.0/icons/Color/scalable/apps/gimp-selection-to-channel.svg modified. Observed at: 03312021_192537
/usr/share/gimp/2.0/icons/Color/scalable/apps/gimp-display-filter-gamma.svg modified. Observed at: 03312021_192537
/usr/share/gimp/2.0/icons/Color/scalable/apps/gimp-convert-rgb.svg modified. Observed at: 03312021_192537
/usr/share/gimp/2.0/icons/Color/scalable/apps/gimp-gravity-south.svg modified. Observed at: 03312021_192537
/usr/share/gimp/2.0/icons/Color/scalable/apps/gimp-display-filter-contrast.svg modified. Observed at: 03312021_192537
/usr/share/gimp/2.0/icons/Color/scalable/apps/gimp-colormap.svg modified. Observed at: 03312021_192537
/usr/share/gimp/2.0/icons/Color/scalable/apps/gimp-channel-blue.svg modified. Observed at: 03312021_192537
/usr/share/gimp/2.0/icons/Color/scalable/apps/gimp-tool-shear.svg modified. Observed at: 03312021_192537
/usr/share/gimp/2.0/icons/Color/scalable/apps/gimp-quick-mask-on.svg modified. Observed at: 03312021_192537
/usr/share/gimp/2.0/icons/Color/scalable/apps/window-new.svg modified. Observed at: 03312021_192537
/usr/share/gimp/2.0/icons/Color/scalable/apps/gimp-reshow-filter.svg modified. Observed at: 03312021_192537
/usr/share/gimp/2.0/icons/Color/scalable/apps/gimp-layer-to-imagesize.svg modified. Observed at: 03312021_192537
/usr/share/gimp/2.0/icons/Color/scalable/apps/gimp-scale.svg modified. Observed at: 03312021_192537
/usr/share/gimp/2.0/icons/Color/scalable/apps/gimp-dynamics.svg modified. Observed at: 03312021_192537
/usr/share/gimp/2.0/icons/Color/scalable/apps/edit-cut.svg modified. Observed at: 03312021_192537
/usr/share/gimp/2.0/icons/Color/scalable/apps/gimp-selection-replace.svg modified. Observed at: 03312021_192537
/usr/share/gimp/2.0/icons/Color/scalable/apps/gimp-tool-text.svg modified. Observed at: 03312021_192537
/usr/share/gimp/2.0/icons/Color/scalable/apps/media-skip-forward.svg modified. Observed at: 03312021_192537
/usr/share/gimp/2.0/icons/Color/scalable/apps/gimp-color-cmyk.svg modified. Observed at: 03312021_192537
/usr/share/gimp/2.0/icons/Color/scalable/apps/gimp-image-reload.svg modified. Observed at: 03312021_192537
/usr/share/gimp/2.0/icons/Color/scalable/apps/gimp-invert.svg modified. Observed at: 03312021_192537
/usr/share/gimp/2.0/icons/Color/scalable/apps/gimp-prefs-folders-modules.svg modified. Observed at: 03312021_192537
/usr/share/gimp/2.0/icons/Color/scalable/apps/gimp-gravity-north-east.svg modified. Observed at: 03312021_192537
/usr/share/gimp/2.0/icons/Color/scalable/apps/gimp-channel-gray.svg modified. Observed at: 03312021_192537
/usr/share/gimp/2.0/icons/Color/scalable/apps/gimp-tool-gradient.svg modified. Observed at: 03312021_192537
/usr/share/gimp/2.0/icons/Color/scalable/apps/go-down.svg modified. Observed at: 03312021_192537
/usr/share/gimp/2.0/icons/Color/scalable/apps/gimp-selection-to-path.svg modified. Observed at: 03312021_192537
/usr/share/gimp/2.0/icons/Color/scalable/apps/gimp-channels.svg modified. Observed at: 03312021_192537
/usr/share/gimp/2.0/icons/Color/scalable/apps/gimp-pivot-north-west.svg modified. Observed at: 03312021_192537
/usr/share/gimp/2.0/icons/Color/scalable/apps/gimp-list.svg modified. Observed at: 03312021_192537
/usr/share/gimp/2.0/icons/Color/scalable/apps/gimp-vchain-broken.svg modified. Observed at: 03312021_192537
/usr/share/gimp/2.0/icons/Color/scalable/apps/gimp-user-manual.svg modified. Observed at: 03312021_192537
/usr/share/gimp/2.0/icons/Color/scalable/apps/gimp-attach.svg modified. Observed at: 03312021_192537
/usr/share/gimp/2.0/icons/Color/scalable/apps/gimp-visible.svg modified. Observed at: 03312021_192537
/usr/share/gimp/2.0/icons/Color/scalable/apps/document-save.svg modified. Observed at: 03312021_192537
                                                                                                                                                                         
